Fitter report for PF1
Thu Nov 11 17:04:06 2021
Quartus Prime Version 20.1.1 Build 720 11/11/2020 SJ Lite Edition


---------------------
; Table of Contents ;
---------------------
  1. Legal Notice
  2. Fitter Summary
  3. Fitter Settings
  4. Parallel Compilation
  5. Pin-Out File
  6. Fitter Resource Usage Summary
  7. Input Pins
  8. Output Pins
  9. I/O Bank Usage
 10. All Package Pins
 11. Output Pin Default Load For Reported TCO
 12. Fitter Resource Utilization by Entity
 13. Delay Chain Summary
 14. Control Signals
 15. Global & Other Fast Signals
 16. Routing Usage Summary
 17. LAB Logic Elements
 18. LAB-wide Signals
 19. LAB Signals Sourced
 20. LAB Signals Sourced Out
 21. LAB Distinct Inputs
 22. Fitter Device Options
 23. Fitter Messages
 24. Fitter Suppressed Messages



----------------
; Legal Notice ;
----------------
Copyright (C) 2020  Intel Corporation. All rights reserved.
Your use of Intel Corporation's design tools, logic functions 
and other software and tools, and any partner logic 
functions, and any output files from any of the foregoing 
(including device programming or simulation files), and any 
associated documentation or information are expressly subject 
to the terms and conditions of the Intel Program License 
Subscription Agreement, the Intel Quartus Prime License Agreement,
the Intel FPGA IP License Agreement, or other applicable license
agreement, including, without limitation, that your use is for
the sole purpose of programming logic devices manufactured by
Intel and sold by Intel or its authorized distributors.  Please
refer to the applicable agreement for further details, at
https://fpgasoftware.intel.com/eula.



+---------------------------------------------------------------------+
; Fitter Summary                                                      ;
+-----------------------+---------------------------------------------+
; Fitter Status         ; Successful - Thu Nov 11 17:04:06 2021       ;
; Quartus Prime Version ; 20.1.1 Build 720 11/11/2020 SJ Lite Edition ;
; Revision Name         ; PF1                                         ;
; Top-level Entity Name ; PF1                                         ;
; Family                ; MAX II                                      ;
; Device                ; EPM1270T144C5                               ;
; Timing Models         ; Final                                       ;
; Total logic elements  ; 460 / 1,270 ( 36 % )                        ;
; Total pins            ; 101 / 116 ( 87 % )                          ;
; Total virtual pins    ; 0                                           ;
; UFM blocks            ; 0 / 1 ( 0 % )                               ;
+-----------------------+---------------------------------------------+


+--------------------------------------------------------------------------------------------------------------------------------------+
; Fitter Settings                                                                                                                      ;
+--------------------------------------------------------------------+--------------------------------+--------------------------------+
; Option                                                             ; Setting                        ; Default Value                  ;
+--------------------------------------------------------------------+--------------------------------+--------------------------------+
; Device                                                             ; EPM1270T144C5                  ;                                ;
; Minimum Core Junction Temperature                                  ; 0                              ;                                ;
; Maximum Core Junction Temperature                                  ; 85                             ;                                ;
; Fit Attempts to Skip                                               ; 0                              ; 0.0                            ;
; Device I/O Standard                                                ; 3.3-V LVTTL                    ;                                ;
; Use smart compilation                                              ; Off                            ; Off                            ;
; Enable parallel Assembler and Timing Analyzer during compilation   ; On                             ; On                             ;
; Enable compact report table                                        ; Off                            ; Off                            ;
; Router Timing Optimization Level                                   ; Normal                         ; Normal                         ;
; Placement Effort Multiplier                                        ; 1.0                            ; 1.0                            ;
; Router Effort Multiplier                                           ; 1.0                            ; 1.0                            ;
; Always Enable Input Buffers                                        ; Off                            ; Off                            ;
; Optimize Hold Timing                                               ; IO Paths and Minimum TPD Paths ; IO Paths and Minimum TPD Paths ;
; Optimize Multi-Corner Timing                                       ; Off                            ; Off                            ;
; Guarantee I/O Paths Have Zero Hold Time at Fast Corner             ; On                             ; On                             ;
; Power Optimization During Fitting                                  ; Normal compilation             ; Normal compilation             ;
; Optimize Timing                                                    ; Normal compilation             ; Normal compilation             ;
; Optimize Timing for ECOs                                           ; Off                            ; Off                            ;
; Regenerate Full Fit Report During ECO Compiles                     ; Off                            ; Off                            ;
; Optimize IOC Register Placement for Timing                         ; Normal                         ; Normal                         ;
; Limit to One Fitting Attempt                                       ; Off                            ; Off                            ;
; Final Placement Optimizations                                      ; Automatically                  ; Automatically                  ;
; Fitter Aggressive Routability Optimizations                        ; Automatically                  ; Automatically                  ;
; Fitter Initial Placement Seed                                      ; 1                              ; 1                              ;
; Periphery to Core Placement and Routing Optimization               ; Off                            ; Off                            ;
; Slow Slew Rate                                                     ; Off                            ; Off                            ;
; PCI I/O                                                            ; Off                            ; Off                            ;
; Weak Pull-Up Resistor                                              ; Off                            ; Off                            ;
; Enable Bus-Hold Circuitry                                          ; Off                            ; Off                            ;
; Auto Delay Chains                                                  ; On                             ; On                             ;
; Auto Delay Chains for High Fanout Input Pins                       ; Off                            ; Off                            ;
; Perform Physical Synthesis for Combinational Logic for Performance ; Off                            ; Off                            ;
; Perform Register Duplication for Performance                       ; Off                            ; Off                            ;
; Perform Register Retiming for Performance                          ; Off                            ; Off                            ;
; Perform Asynchronous Signal Pipelining                             ; Off                            ; Off                            ;
; Fitter Effort                                                      ; Auto Fit                       ; Auto Fit                       ;
; Physical Synthesis Effort Level                                    ; Normal                         ; Normal                         ;
; Logic Cell Insertion - Logic Duplication                           ; Auto                           ; Auto                           ;
; Auto Register Duplication                                          ; Auto                           ; Auto                           ;
; Auto Global Clock                                                  ; On                             ; On                             ;
; Auto Global Register Control Signals                               ; On                             ; On                             ;
; Force Fitter to Avoid Periphery Placement Warnings                 ; Off                            ; Off                            ;
+--------------------------------------------------------------------+--------------------------------+--------------------------------+


+------------------------------------------+
; Parallel Compilation                     ;
+----------------------------+-------------+
; Processors                 ; Number      ;
+----------------------------+-------------+
; Number detected on machine ; 12          ;
; Maximum allowed            ; 12          ;
;                            ;             ;
; Average used               ; 1.12        ;
; Maximum used               ; 12          ;
;                            ;             ;
; Usage by Processor         ; % Time Used ;
;     Processor 1            ; 100.0%      ;
;     Processors 2-12        ;   1.1%      ;
+----------------------------+-------------+


+--------------+
; Pin-Out File ;
+--------------+
The pin-out file can be found in C:/Users/miaow/Desktop/valve_board_kun/PF1.pin.


+---------------------------------------------------------------------+
; Fitter Resource Usage Summary                                       ;
+---------------------------------------------+-----------------------+
; Resource                                    ; Usage                 ;
+---------------------------------------------+-----------------------+
; Total logic elements                        ; 460 / 1,270 ( 36 % )  ;
;     -- Combinational with no register       ; 147                   ;
;     -- Register only                        ; 10                    ;
;     -- Combinational with a register        ; 303                   ;
;                                             ;                       ;
; Logic element usage by number of LUT inputs ;                       ;
;     -- 4 input functions                    ; 229                   ;
;     -- 3 input functions                    ; 111                   ;
;     -- 2 input functions                    ; 105                   ;
;     -- 1 input functions                    ; 5                     ;
;     -- 0 input functions                    ; 0                     ;
;                                             ;                       ;
; Logic elements by mode                      ;                       ;
;     -- normal mode                          ; 367                   ;
;     -- arithmetic mode                      ; 93                    ;
;     -- qfbk mode                            ; 7                     ;
;     -- register cascade mode                ; 0                     ;
;     -- synchronous clear/load mode          ; 75                    ;
;     -- asynchronous clear/load mode         ; 311                   ;
;                                             ;                       ;
; Total registers                             ; 313 / 1,270 ( 25 % )  ;
; Total LABs                                  ; 56 / 127 ( 44 % )     ;
; Logic elements in carry chains              ; 96                    ;
; Virtual pins                                ; 0                     ;
; I/O pins                                    ; 101 / 116 ( 87 % )    ;
;     -- Clock pins                           ; 3 / 4 ( 75 % )        ;
;                                             ;                       ;
; UFM blocks                                  ; 0 / 1 ( 0 % )         ;
;                                             ;                       ;
;     -- Total Fixed Point DSP Blocks         ; 0                     ;
;     -- Total Floating Point DSP Blocks      ; 0                     ;
;                                             ;                       ;
; Global signals                              ; 2                     ;
;     -- Global clocks                        ; 2 / 4 ( 50 % )        ;
; JTAGs                                       ; 0 / 1 ( 0 % )         ;
; Average interconnect usage (total/H/V)      ; 15.2% / 17.2% / 12.9% ;
; Peak interconnect usage (total/H/V)         ; 16.1% / 17.8% / 14.3% ;
; Maximum fan-out                             ; 313                   ;
; Highest non-global fan-out                  ; 181                   ;
; Total fan-out                               ; 2471                  ;
; Average fan-out                             ; 4.40                  ;
+---------------------------------------------+-----------------------+


+------------------------------------------------------------------------------------------------------------------------------------------------------------------------------------------------------------------------------------+
; Input Pins                                                                                                                                                                                                                         ;
+------------+-------+----------+--------------+--------------+-------------+-----------------------+--------------------+--------+-----------------+----------+--------------+--------------+----------------------+----------------+
; Name       ; Pin # ; I/O Bank ; X coordinate ; Y coordinate ; Cell number ; Combinational Fan-Out ; Registered Fan-Out ; Global ; PCI I/O Enabled ; Bus Hold ; Weak Pull Up ; I/O Standard ; Location assigned by ; Slow Slew Rate ;
+------------+-------+----------+--------------+--------------+-------------+-----------------------+--------------------+--------+-----------------+----------+--------------+--------------+----------------------+----------------+
; line_sclk  ; 40    ; 4        ; 3            ; 3            ; 1           ; 2                     ; 0                  ; no     ; no              ; no       ; Off          ; 3.3-V LVTTL  ; User                 ; no             ;
; line_sdata ; 41    ; 4        ; 3            ; 3            ; 0           ; 1                     ; 0                  ; no     ; no              ; no       ; Off          ; 3.3-V LVTTL  ; User                 ; no             ;
; line_sen   ; 39    ; 4        ; 2            ; 3            ; 0           ; 2                     ; 0                  ; no     ; no              ; no       ; Off          ; 3.3-V LVTTL  ; User                 ; no             ;
; rst_n      ; 37    ; 4        ; 1            ; 3            ; 0           ; 313                   ; 0                  ; yes    ; no              ; no       ; Off          ; 3.3-V LVTTL  ; User                 ; no             ;
; sys_clk    ; 18    ; 1        ; 0            ; 7            ; 5           ; 313                   ; 0                  ; yes    ; no              ; no       ; Off          ; 3.3-V LVTTL  ; User                 ; no             ;
+------------+-------+----------+--------------+--------------+-------------+-----------------------+--------------------+--------+-----------------+----------+--------------+--------------+----------------------+----------------+


+-------------------------------------------------------------------------------------------------------------------------------------------------------------------------------------------------------------------------------------------------------------------------------------------------------------------------------------------+
; Output Pins                                                                                                                                                                                                                                                                                                                               ;
+-------------------------+-------+----------+--------------+--------------+-------------+-----------------+----------------+-----------------+------------+---------------+----------+--------------+--------------+------------------+------------------------+----------------------+-------+----------------------+---------------------+
; Name                    ; Pin # ; I/O Bank ; X coordinate ; Y coordinate ; Cell number ; Output Register ; Slow Slew Rate ; PCI I/O Enabled ; Open Drain ; TRI Primitive ; Bus Hold ; Weak Pull Up ; I/O Standard ; Current Strength ; Fast Output Connection ; Location assigned by ; Load  ; Output Enable Source ; Output Enable Group ;
+-------------------------+-------+----------+--------------+--------------+-------------+-----------------+----------------+-----------------+------------+---------------+----------+--------------+--------------+------------------+------------------------+----------------------+-------+----------------------+---------------------+
; signal_high_voltage[0]  ; 43    ; 4        ; 5            ; 3            ; 3           ; no              ; no             ; no              ; no         ; no            ; no       ; Off          ; 3.3-V LVTTL  ; 16mA             ; no                     ; User                 ; 10 pF ; -                    ; -                   ;
; signal_high_voltage[10] ; 67    ; 4        ; 12           ; 0            ; 0           ; no              ; no             ; no              ; no         ; no            ; no       ; Off          ; 3.3-V LVTTL  ; 16mA             ; no                     ; User                 ; 10 pF ; -                    ; -                   ;
; signal_high_voltage[11] ; 68    ; 4        ; 13           ; 0            ; 1           ; no              ; no             ; no              ; no         ; no            ; no       ; Off          ; 3.3-V LVTTL  ; 16mA             ; no                     ; User                 ; 10 pF ; -                    ; -                   ;
; signal_high_voltage[12] ; 73    ; 3        ; 17           ; 1            ; 2           ; no              ; no             ; no              ; no         ; no            ; no       ; Off          ; 3.3-V LVTTL  ; 16mA             ; no                     ; User                 ; 10 pF ; -                    ; -                   ;
; signal_high_voltage[13] ; 74    ; 3        ; 17           ; 1            ; 1           ; no              ; no             ; no              ; no         ; no            ; no       ; Off          ; 3.3-V LVTTL  ; 16mA             ; no                     ; User                 ; 10 pF ; -                    ; -                   ;
; signal_high_voltage[14] ; 75    ; 3        ; 17           ; 1            ; 0           ; no              ; no             ; no              ; no         ; no            ; no       ; Off          ; 3.3-V LVTTL  ; 16mA             ; no                     ; User                 ; 10 pF ; -                    ; -                   ;
; signal_high_voltage[15] ; 76    ; 3        ; 17           ; 2            ; 3           ; no              ; no             ; no              ; no         ; no            ; no       ; Off          ; 3.3-V LVTTL  ; 16mA             ; no                     ; User                 ; 10 pF ; -                    ; -                   ;
; signal_high_voltage[16] ; 81    ; 3        ; 17           ; 4            ; 2           ; no              ; no             ; no              ; no         ; no            ; no       ; Off          ; 3.3-V LVTTL  ; 16mA             ; no                     ; User                 ; 10 pF ; -                    ; -                   ;
; signal_high_voltage[17] ; 84    ; 3        ; 17           ; 4            ; 0           ; no              ; no             ; no              ; no         ; no            ; no       ; Off          ; 3.3-V LVTTL  ; 16mA             ; no                     ; User                 ; 10 pF ; -                    ; -                   ;
; signal_high_voltage[18] ; 85    ; 3        ; 17           ; 5            ; 5           ; no              ; no             ; no              ; no         ; no            ; no       ; Off          ; 3.3-V LVTTL  ; 16mA             ; no                     ; User                 ; 10 pF ; -                    ; -                   ;
; signal_high_voltage[19] ; 86    ; 3        ; 17           ; 5            ; 4           ; no              ; no             ; no              ; no         ; no            ; no       ; Off          ; 3.3-V LVTTL  ; 16mA             ; no                     ; User                 ; 10 pF ; -                    ; -                   ;
; signal_high_voltage[1]  ; 44    ; 4        ; 5            ; 3            ; 2           ; no              ; no             ; no              ; no         ; no            ; no       ; Off          ; 3.3-V LVTTL  ; 16mA             ; no                     ; User                 ; 10 pF ; -                    ; -                   ;
; signal_high_voltage[20] ; 93    ; 3        ; 17           ; 6            ; 5           ; no              ; no             ; no              ; no         ; no            ; no       ; Off          ; 3.3-V LVTTL  ; 16mA             ; no                     ; User                 ; 10 pF ; -                    ; -                   ;
; signal_high_voltage[21] ; 94    ; 3        ; 17           ; 6            ; 4           ; no              ; no             ; no              ; no         ; no            ; no       ; Off          ; 3.3-V LVTTL  ; 16mA             ; no                     ; User                 ; 10 pF ; -                    ; -                   ;
; signal_high_voltage[22] ; 95    ; 3        ; 17           ; 6            ; 3           ; no              ; no             ; no              ; no         ; no            ; no       ; Off          ; 3.3-V LVTTL  ; 16mA             ; no                     ; User                 ; 10 pF ; -                    ; -                   ;
; signal_high_voltage[23] ; 96    ; 3        ; 17           ; 6            ; 2           ; no              ; no             ; no              ; no         ; no            ; no       ; Off          ; 3.3-V LVTTL  ; 16mA             ; no                     ; User                 ; 10 pF ; -                    ; -                   ;
; signal_high_voltage[24] ; 103   ; 3        ; 17           ; 8            ; 5           ; no              ; no             ; no              ; no         ; no            ; no       ; Off          ; 3.3-V LVTTL  ; 16mA             ; no                     ; User                 ; 10 pF ; -                    ; -                   ;
; signal_high_voltage[25] ; 104   ; 3        ; 17           ; 8            ; 1           ; no              ; no             ; no              ; no         ; no            ; no       ; Off          ; 3.3-V LVTTL  ; 16mA             ; no                     ; User                 ; 10 pF ; -                    ; -                   ;
; signal_high_voltage[26] ; 105   ; 3        ; 17           ; 8            ; 0           ; no              ; no             ; no              ; no         ; no            ; no       ; Off          ; 3.3-V LVTTL  ; 16mA             ; no                     ; User                 ; 10 pF ; -                    ; -                   ;
; signal_high_voltage[27] ; 106   ; 3        ; 17           ; 9            ; 3           ; no              ; no             ; no              ; no         ; no            ; no       ; Off          ; 3.3-V LVTTL  ; 16mA             ; no                     ; User                 ; 10 pF ; -                    ; -                   ;
; signal_high_voltage[28] ; 113   ; 2        ; 13           ; 11           ; 1           ; no              ; no             ; no              ; no         ; no            ; no       ; Off          ; 3.3-V LVTTL  ; 16mA             ; no                     ; User                 ; 10 pF ; -                    ; -                   ;
; signal_high_voltage[29] ; 114   ; 2        ; 12           ; 11           ; 1           ; no              ; no             ; no              ; no         ; no            ; no       ; Off          ; 3.3-V LVTTL  ; 16mA             ; no                     ; User                 ; 10 pF ; -                    ; -                   ;
; signal_high_voltage[2]  ; 45    ; 4        ; 6            ; 3            ; 0           ; no              ; no             ; no              ; no         ; no            ; no       ; Off          ; 3.3-V LVTTL  ; 16mA             ; no                     ; User                 ; 10 pF ; -                    ; -                   ;
; signal_high_voltage[30] ; 117   ; 2        ; 11           ; 11           ; 1           ; no              ; no             ; no              ; no         ; no            ; no       ; Off          ; 3.3-V LVTTL  ; 16mA             ; no                     ; User                 ; 10 pF ; -                    ; -                   ;
; signal_high_voltage[31] ; 118   ; 2        ; 11           ; 11           ; 2           ; no              ; no             ; no              ; no         ; no            ; no       ; Off          ; 3.3-V LVTTL  ; 16mA             ; no                     ; User                 ; 10 pF ; -                    ; -                   ;
; signal_high_voltage[32] ; 123   ; 2        ; 9            ; 11           ; 0           ; no              ; no             ; no              ; no         ; no            ; no       ; Off          ; 3.3-V LVTTL  ; 16mA             ; no                     ; User                 ; 10 pF ; -                    ; -                   ;
; signal_high_voltage[33] ; 124   ; 2        ; 9            ; 11           ; 1           ; no              ; no             ; no              ; no         ; no            ; no       ; Off          ; 3.3-V LVTTL  ; 16mA             ; no                     ; User                 ; 10 pF ; -                    ; -                   ;
; signal_high_voltage[34] ; 125   ; 2        ; 9            ; 11           ; 2           ; no              ; no             ; no              ; no         ; no            ; no       ; Off          ; 3.3-V LVTTL  ; 16mA             ; no                     ; User                 ; 10 pF ; -                    ; -                   ;
; signal_high_voltage[35] ; 127   ; 2        ; 9            ; 11           ; 3           ; no              ; no             ; no              ; no         ; no            ; no       ; Off          ; 3.3-V LVTTL  ; 16mA             ; no                     ; User                 ; 10 pF ; -                    ; -                   ;
; signal_high_voltage[36] ; 133   ; 2        ; 7            ; 11           ; 1           ; no              ; no             ; no              ; no         ; no            ; no       ; Off          ; 3.3-V LVTTL  ; 16mA             ; no                     ; User                 ; 10 pF ; -                    ; -                   ;
; signal_high_voltage[37] ; 134   ; 2        ; 7            ; 11           ; 2           ; no              ; no             ; no              ; no         ; no            ; no       ; Off          ; 3.3-V LVTTL  ; 16mA             ; no                     ; User                 ; 10 pF ; -                    ; -                   ;
; signal_high_voltage[38] ; 137   ; 2        ; 6            ; 11           ; 3           ; no              ; no             ; no              ; no         ; no            ; no       ; Off          ; 3.3-V LVTTL  ; 16mA             ; no                     ; User                 ; 10 pF ; -                    ; -                   ;
; signal_high_voltage[39] ; 138   ; 2        ; 5            ; 11           ; 0           ; no              ; no             ; no              ; no         ; no            ; no       ; Off          ; 3.3-V LVTTL  ; 16mA             ; no                     ; User                 ; 10 pF ; -                    ; -                   ;
; signal_high_voltage[3]  ; 48    ; 4        ; 7            ; 3            ; 3           ; no              ; no             ; no              ; no         ; no            ; no       ; Off          ; 3.3-V LVTTL  ; 16mA             ; no                     ; User                 ; 10 pF ; -                    ; -                   ;
; signal_high_voltage[40] ; 1     ; 1        ; 0            ; 10           ; 2           ; no              ; no             ; no              ; no         ; no            ; no       ; Off          ; 3.3-V LVTTL  ; 16mA             ; no                     ; User                 ; 10 pF ; -                    ; -                   ;
; signal_high_voltage[41] ; 2     ; 1        ; 0            ; 10           ; 3           ; no              ; no             ; no              ; no         ; no            ; no       ; Off          ; 3.3-V LVTTL  ; 16mA             ; no                     ; User                 ; 10 pF ; -                    ; -                   ;
; signal_high_voltage[42] ; 3     ; 1        ; 0            ; 10           ; 5           ; no              ; no             ; no              ; no         ; no            ; no       ; Off          ; 3.3-V LVTTL  ; 16mA             ; no                     ; User                 ; 10 pF ; -                    ; -                   ;
; signal_high_voltage[43] ; 4     ; 1        ; 0            ; 9            ; 0           ; no              ; no             ; no              ; no         ; no            ; no       ; Off          ; 3.3-V LVTTL  ; 16mA             ; no                     ; User                 ; 10 pF ; -                    ; -                   ;
; signal_high_voltage[44] ; 12    ; 1        ; 0            ; 7            ; 0           ; no              ; no             ; no              ; no         ; no            ; no       ; Off          ; 3.3-V LVTTL  ; 16mA             ; no                     ; User                 ; 10 pF ; -                    ; -                   ;
; signal_high_voltage[45] ; 13    ; 1        ; 0            ; 7            ; 1           ; no              ; no             ; no              ; no         ; no            ; no       ; Off          ; 3.3-V LVTTL  ; 16mA             ; no                     ; User                 ; 10 pF ; -                    ; -                   ;
; signal_high_voltage[46] ; 14    ; 1        ; 0            ; 7            ; 2           ; no              ; no             ; no              ; no         ; no            ; no       ; Off          ; 3.3-V LVTTL  ; 16mA             ; no                     ; User                 ; 10 pF ; -                    ; -                   ;
; signal_high_voltage[47] ; 15    ; 1        ; 0            ; 7            ; 3           ; no              ; no             ; no              ; no         ; no            ; no       ; Off          ; 3.3-V LVTTL  ; 16mA             ; no                     ; User                 ; 10 pF ; -                    ; -                   ;
; signal_high_voltage[4]  ; 53    ; 4        ; 8            ; 3            ; 2           ; no              ; no             ; no              ; no         ; no            ; no       ; Off          ; 3.3-V LVTTL  ; 16mA             ; no                     ; User                 ; 10 pF ; -                    ; -                   ;
; signal_high_voltage[5]  ; 55    ; 4        ; 8            ; 3            ; 1           ; no              ; no             ; no              ; no         ; no            ; no       ; Off          ; 3.3-V LVTTL  ; 16mA             ; no                     ; User                 ; 10 pF ; -                    ; -                   ;
; signal_high_voltage[6]  ; 57    ; 4        ; 8            ; 3            ; 0           ; no              ; no             ; no              ; no         ; no            ; no       ; Off          ; 3.3-V LVTTL  ; 16mA             ; no                     ; User                 ; 10 pF ; -                    ; -                   ;
; signal_high_voltage[7]  ; 58    ; 4        ; 9            ; 3            ; 2           ; no              ; no             ; no              ; no         ; no            ; no       ; Off          ; 3.3-V LVTTL  ; 16mA             ; no                     ; User                 ; 10 pF ; -                    ; -                   ;
; signal_high_voltage[8]  ; 63    ; 4        ; 10           ; 3            ; 1           ; no              ; no             ; no              ; no         ; no            ; no       ; Off          ; 3.3-V LVTTL  ; 16mA             ; no                     ; User                 ; 10 pF ; -                    ; -                   ;
; signal_high_voltage[9]  ; 66    ; 4        ; 12           ; 0            ; 1           ; no              ; no             ; no              ; no         ; no            ; no       ; Off          ; 3.3-V LVTTL  ; 16mA             ; no                     ; User                 ; 10 pF ; -                    ; -                   ;
; signal_low_voltage[0]   ; 49    ; 4        ; 7            ; 3            ; 2           ; no              ; no             ; no              ; no         ; no            ; no       ; Off          ; 3.3-V LVTTL  ; 16mA             ; no                     ; User                 ; 10 pF ; -                    ; -                   ;
; signal_low_voltage[10]  ; 71    ; 4        ; 16           ; 0            ; 3           ; no              ; no             ; no              ; no         ; no            ; no       ; Off          ; 3.3-V LVTTL  ; 16mA             ; no                     ; User                 ; 10 pF ; -                    ; -                   ;
; signal_low_voltage[11]  ; 72    ; 4        ; 16           ; 0            ; 0           ; no              ; no             ; no              ; no         ; no            ; no       ; Off          ; 3.3-V LVTTL  ; 16mA             ; no                     ; User                 ; 10 pF ; -                    ; -                   ;
; signal_low_voltage[12]  ; 77    ; 3        ; 17           ; 2            ; 0           ; no              ; no             ; no              ; no         ; no            ; no       ; Off          ; 3.3-V LVTTL  ; 16mA             ; no                     ; User                 ; 10 pF ; -                    ; -                   ;
; signal_low_voltage[13]  ; 78    ; 3        ; 17           ; 3            ; 2           ; no              ; no             ; no              ; no         ; no            ; no       ; Off          ; 3.3-V LVTTL  ; 16mA             ; no                     ; User                 ; 10 pF ; -                    ; -                   ;
; signal_low_voltage[14]  ; 79    ; 3        ; 17           ; 3            ; 1           ; no              ; no             ; no              ; no         ; no            ; no       ; Off          ; 3.3-V LVTTL  ; 16mA             ; no                     ; User                 ; 10 pF ; -                    ; -                   ;
; signal_low_voltage[15]  ; 80    ; 3        ; 17           ; 3            ; 0           ; no              ; no             ; no              ; no         ; no            ; no       ; Off          ; 3.3-V LVTTL  ; 16mA             ; no                     ; User                 ; 10 pF ; -                    ; -                   ;
; signal_low_voltage[16]  ; 87    ; 3        ; 17           ; 5            ; 3           ; no              ; no             ; no              ; no         ; no            ; no       ; Off          ; 3.3-V LVTTL  ; 16mA             ; no                     ; User                 ; 10 pF ; -                    ; -                   ;
; signal_low_voltage[17]  ; 88    ; 3        ; 17           ; 5            ; 2           ; no              ; no             ; no              ; no         ; no            ; no       ; Off          ; 3.3-V LVTTL  ; 16mA             ; no                     ; User                 ; 10 pF ; -                    ; -                   ;
; signal_low_voltage[18]  ; 89    ; 3        ; 17           ; 5            ; 1           ; no              ; no             ; no              ; no         ; no            ; no       ; Off          ; 3.3-V LVTTL  ; 16mA             ; no                     ; User                 ; 10 pF ; -                    ; -                   ;
; signal_low_voltage[19]  ; 91    ; 3        ; 17           ; 5            ; 0           ; no              ; no             ; no              ; no         ; no            ; no       ; Off          ; 3.3-V LVTTL  ; 16mA             ; no                     ; User                 ; 10 pF ; -                    ; -                   ;
; signal_low_voltage[1]   ; 50    ; 4        ; 7            ; 3            ; 1           ; no              ; no             ; no              ; no         ; no            ; no       ; Off          ; 3.3-V LVTTL  ; 16mA             ; no                     ; User                 ; 10 pF ; -                    ; -                   ;
; signal_low_voltage[20]  ; 97    ; 3        ; 17           ; 6            ; 1           ; no              ; no             ; no              ; no         ; no            ; no       ; Off          ; 3.3-V LVTTL  ; 16mA             ; no                     ; User                 ; 10 pF ; -                    ; -                   ;
; signal_low_voltage[21]  ; 98    ; 3        ; 17           ; 6            ; 0           ; no              ; no             ; no              ; no         ; no            ; no       ; Off          ; 3.3-V LVTTL  ; 16mA             ; no                     ; User                 ; 10 pF ; -                    ; -                   ;
; signal_low_voltage[22]  ; 101   ; 3        ; 17           ; 7            ; 4           ; no              ; no             ; no              ; no         ; no            ; no       ; Off          ; 3.3-V LVTTL  ; 16mA             ; no                     ; User                 ; 10 pF ; -                    ; -                   ;
; signal_low_voltage[23]  ; 102   ; 3        ; 17           ; 7            ; 0           ; no              ; no             ; no              ; no         ; no            ; no       ; Off          ; 3.3-V LVTTL  ; 16mA             ; no                     ; User                 ; 10 pF ; -                    ; -                   ;
; signal_low_voltage[24]  ; 109   ; 2        ; 16           ; 11           ; 1           ; no              ; no             ; no              ; no         ; no            ; no       ; Off          ; 3.3-V LVTTL  ; 16mA             ; no                     ; User                 ; 10 pF ; -                    ; -                   ;
; signal_low_voltage[25]  ; 110   ; 2        ; 16           ; 11           ; 2           ; no              ; no             ; no              ; no         ; no            ; no       ; Off          ; 3.3-V LVTTL  ; 16mA             ; no                     ; User                 ; 10 pF ; -                    ; -                   ;
; signal_low_voltage[26]  ; 111   ; 2        ; 15           ; 11           ; 0           ; no              ; no             ; no              ; no         ; no            ; no       ; Off          ; 3.3-V LVTTL  ; 16mA             ; no                     ; User                 ; 10 pF ; -                    ; -                   ;
; signal_low_voltage[27]  ; 112   ; 2        ; 14           ; 11           ; 1           ; no              ; no             ; no              ; no         ; no            ; no       ; Off          ; 3.3-V LVTTL  ; 16mA             ; no                     ; User                 ; 10 pF ; -                    ; -                   ;
; signal_low_voltage[28]  ; 119   ; 2        ; 11           ; 11           ; 3           ; no              ; no             ; no              ; no         ; no            ; no       ; Off          ; 3.3-V LVTTL  ; 16mA             ; no                     ; User                 ; 10 pF ; -                    ; -                   ;
; signal_low_voltage[29]  ; 120   ; 2        ; 10           ; 11           ; 0           ; no              ; no             ; no              ; no         ; no            ; no       ; Off          ; 3.3-V LVTTL  ; 16mA             ; no                     ; User                 ; 10 pF ; -                    ; -                   ;
; signal_low_voltage[2]   ; 51    ; 4        ; 7            ; 3            ; 0           ; no              ; no             ; no              ; no         ; no            ; no       ; Off          ; 3.3-V LVTTL  ; 16mA             ; no                     ; User                 ; 10 pF ; -                    ; -                   ;
; signal_low_voltage[30]  ; 121   ; 2        ; 10           ; 11           ; 1           ; no              ; no             ; no              ; no         ; no            ; no       ; Off          ; 3.3-V LVTTL  ; 16mA             ; no                     ; User                 ; 10 pF ; -                    ; -                   ;
; signal_low_voltage[31]  ; 122   ; 2        ; 10           ; 11           ; 2           ; no              ; no             ; no              ; no         ; no            ; no       ; Off          ; 3.3-V LVTTL  ; 16mA             ; no                     ; User                 ; 10 pF ; -                    ; -                   ;
; signal_low_voltage[32]  ; 129   ; 2        ; 8            ; 11           ; 0           ; no              ; no             ; no              ; no         ; no            ; no       ; Off          ; 3.3-V LVTTL  ; 16mA             ; no                     ; User                 ; 10 pF ; -                    ; -                   ;
; signal_low_voltage[33]  ; 130   ; 2        ; 8            ; 11           ; 1           ; no              ; no             ; no              ; no         ; no            ; no       ; Off          ; 3.3-V LVTTL  ; 16mA             ; no                     ; User                 ; 10 pF ; -                    ; -                   ;
; signal_low_voltage[34]  ; 131   ; 2        ; 8            ; 11           ; 2           ; no              ; no             ; no              ; no         ; no            ; no       ; Off          ; 3.3-V LVTTL  ; 16mA             ; no                     ; User                 ; 10 pF ; -                    ; -                   ;
; signal_low_voltage[35]  ; 132   ; 2        ; 7            ; 11           ; 0           ; no              ; no             ; no              ; no         ; no            ; no       ; Off          ; 3.3-V LVTTL  ; 16mA             ; no                     ; User                 ; 10 pF ; -                    ; -                   ;
; signal_low_voltage[36]  ; 139   ; 2        ; 5            ; 11           ; 1           ; no              ; no             ; no              ; no         ; no            ; no       ; Off          ; 3.3-V LVTTL  ; 16mA             ; no                     ; User                 ; 10 pF ; -                    ; -                   ;
; signal_low_voltage[37]  ; 140   ; 2        ; 4            ; 11           ; 1           ; no              ; no             ; no              ; no         ; no            ; no       ; Off          ; 3.3-V LVTTL  ; 16mA             ; no                     ; User                 ; 10 pF ; -                    ; -                   ;
; signal_low_voltage[38]  ; 141   ; 2        ; 4            ; 11           ; 2           ; no              ; no             ; no              ; no         ; no            ; no       ; Off          ; 3.3-V LVTTL  ; 16mA             ; no                     ; User                 ; 10 pF ; -                    ; -                   ;
; signal_low_voltage[39]  ; 142   ; 2        ; 3            ; 11           ; 2           ; no              ; no             ; no              ; no         ; no            ; no       ; Off          ; 3.3-V LVTTL  ; 16mA             ; no                     ; User                 ; 10 pF ; -                    ; -                   ;
; signal_low_voltage[3]   ; 52    ; 4        ; 8            ; 3            ; 3           ; no              ; no             ; no              ; no         ; no            ; no       ; Off          ; 3.3-V LVTTL  ; 16mA             ; no                     ; User                 ; 10 pF ; -                    ; -                   ;
; signal_low_voltage[40]  ; 5     ; 1        ; 0            ; 9            ; 2           ; no              ; no             ; no              ; no         ; no            ; no       ; Off          ; 3.3-V LVTTL  ; 16mA             ; no                     ; User                 ; 10 pF ; -                    ; -                   ;
; signal_low_voltage[41]  ; 6     ; 1        ; 0            ; 9            ; 3           ; no              ; no             ; no              ; no         ; no            ; no       ; Off          ; 3.3-V LVTTL  ; 16mA             ; no                     ; User                 ; 10 pF ; -                    ; -                   ;
; signal_low_voltage[42]  ; 7     ; 1        ; 0            ; 8            ; 0           ; no              ; no             ; no              ; no         ; no            ; no       ; Off          ; 3.3-V LVTTL  ; 16mA             ; no                     ; User                 ; 10 pF ; -                    ; -                   ;
; signal_low_voltage[43]  ; 8     ; 1        ; 0            ; 8            ; 1           ; no              ; no             ; no              ; no         ; no            ; no       ; Off          ; 3.3-V LVTTL  ; 16mA             ; no                     ; User                 ; 10 pF ; -                    ; -                   ;
; signal_low_voltage[44]  ; 21    ; 1        ; 0            ; 6            ; 0           ; no              ; no             ; no              ; no         ; no            ; no       ; Off          ; 3.3-V LVTTL  ; 16mA             ; no                     ; User                 ; 10 pF ; -                    ; -                   ;
; signal_low_voltage[45]  ; 22    ; 1        ; 0            ; 6            ; 1           ; no              ; no             ; no              ; no         ; no            ; no       ; Off          ; 3.3-V LVTTL  ; 16mA             ; no                     ; User                 ; 10 pF ; -                    ; -                   ;
; signal_low_voltage[46]  ; 23    ; 1        ; 0            ; 6            ; 2           ; no              ; no             ; no              ; no         ; no            ; no       ; Off          ; 3.3-V LVTTL  ; 16mA             ; no                     ; User                 ; 10 pF ; -                    ; -                   ;
; signal_low_voltage[47]  ; 24    ; 1        ; 0            ; 6            ; 3           ; no              ; no             ; no              ; no         ; no            ; no       ; Off          ; 3.3-V LVTTL  ; 16mA             ; no                     ; User                 ; 10 pF ; -                    ; -                   ;
; signal_low_voltage[4]   ; 59    ; 4        ; 9            ; 3            ; 1           ; no              ; no             ; no              ; no         ; no            ; no       ; Off          ; 3.3-V LVTTL  ; 16mA             ; no                     ; User                 ; 10 pF ; -                    ; -                   ;
; signal_low_voltage[5]   ; 60    ; 4        ; 9            ; 3            ; 0           ; no              ; no             ; no              ; no         ; no            ; no       ; Off          ; 3.3-V LVTTL  ; 16mA             ; no                     ; User                 ; 10 pF ; -                    ; -                   ;
; signal_low_voltage[6]   ; 61    ; 4        ; 10           ; 3            ; 3           ; no              ; no             ; no              ; no         ; no            ; no       ; Off          ; 3.3-V LVTTL  ; 16mA             ; no                     ; User                 ; 10 pF ; -                    ; -                   ;
; signal_low_voltage[7]   ; 62    ; 4        ; 10           ; 3            ; 2           ; no              ; no             ; no              ; no         ; no            ; no       ; Off          ; 3.3-V LVTTL  ; 16mA             ; no                     ; User                 ; 10 pF ; -                    ; -                   ;
; signal_low_voltage[8]   ; 69    ; 4        ; 14           ; 0            ; 2           ; no              ; no             ; no              ; no         ; no            ; no       ; Off          ; 3.3-V LVTTL  ; 16mA             ; no                     ; User                 ; 10 pF ; -                    ; -                   ;
; signal_low_voltage[9]   ; 70    ; 4        ; 15           ; 0            ; 2           ; no              ; no             ; no              ; no         ; no            ; no       ; Off          ; 3.3-V LVTTL  ; 16mA             ; no                     ; User                 ; 10 pF ; -                    ; -                   ;
+-------------------------+-------+----------+--------------+--------------+-------------+-----------------+----------------+-----------------+------------+---------------+----------+--------------+--------------+------------------+------------------------+----------------------+-------+----------------------+---------------------+


+------------------------------------------------------------+
; I/O Bank Usage                                             ;
+----------+------------------+---------------+--------------+
; I/O Bank ; Usage            ; VCCIO Voltage ; VREF Voltage ;
+----------+------------------+---------------+--------------+
; 1        ; 17 / 26 ( 65 % ) ; 3.3V          ; --           ;
; 2        ; 28 / 30 ( 93 % ) ; 3.3V          ; --           ;
; 3        ; 28 / 30 ( 93 % ) ; 3.3V          ; --           ;
; 4        ; 28 / 30 ( 93 % ) ; 3.3V          ; --           ;
+----------+------------------+---------------+--------------+


+---------------------------------------------------------------------------------------------------------------------------------------------------------+
; All Package Pins                                                                                                                                        ;
+----------+------------+----------+-------------------------+--------+--------------+-----------+------------+-----------------+----------+--------------+
; Location ; Pad Number ; I/O Bank ; Pin Name/Usage          ; Dir.   ; I/O Standard ; Voltage   ; I/O Type   ; User Assignment ; Bus Hold ; Weak Pull Up ;
+----------+------------+----------+-------------------------+--------+--------------+-----------+------------+-----------------+----------+--------------+
; 1        ; 2          ; 1        ; signal_high_voltage[40] ; output ; 3.3-V LVTTL  ;           ; Row I/O    ; Y               ; no       ; Off          ;
; 2        ; 3          ; 1        ; signal_high_voltage[41] ; output ; 3.3-V LVTTL  ;           ; Row I/O    ; Y               ; no       ; Off          ;
; 3        ; 5          ; 1        ; signal_high_voltage[42] ; output ; 3.3-V LVTTL  ;           ; Row I/O    ; Y               ; no       ; Off          ;
; 4        ; 7          ; 1        ; signal_high_voltage[43] ; output ; 3.3-V LVTTL  ;           ; Row I/O    ; Y               ; no       ; Off          ;
; 5        ; 9          ; 1        ; signal_low_voltage[40]  ; output ; 3.3-V LVTTL  ;           ; Row I/O    ; Y               ; no       ; Off          ;
; 6        ; 10         ; 1        ; signal_low_voltage[41]  ; output ; 3.3-V LVTTL  ;           ; Row I/O    ; Y               ; no       ; Off          ;
; 7        ; 14         ; 1        ; signal_low_voltage[42]  ; output ; 3.3-V LVTTL  ;           ; Row I/O    ; Y               ; no       ; Off          ;
; 8        ; 15         ; 1        ; signal_low_voltage[43]  ; output ; 3.3-V LVTTL  ;           ; Row I/O    ; Y               ; no       ; Off          ;
; 9        ;            ; 1        ; VCCIO1                  ; power  ;              ; 3.3V      ; --         ;                 ; --       ; --           ;
; 10       ;            ;          ; GNDIO                   ; gnd    ;              ;           ; --         ;                 ; --       ; --           ;
; 11       ; 20         ; 1        ; RESERVED_INPUT          ;        ;              ;           ; Row I/O    ;                 ; no       ; Off          ;
; 12       ; 21         ; 1        ; signal_high_voltage[44] ; output ; 3.3-V LVTTL  ;           ; Row I/O    ; Y               ; no       ; Off          ;
; 13       ; 22         ; 1        ; signal_high_voltage[45] ; output ; 3.3-V LVTTL  ;           ; Row I/O    ; Y               ; no       ; Off          ;
; 14       ; 23         ; 1        ; signal_high_voltage[46] ; output ; 3.3-V LVTTL  ;           ; Row I/O    ; Y               ; no       ; Off          ;
; 15       ; 24         ; 1        ; signal_high_voltage[47] ; output ; 3.3-V LVTTL  ;           ; Row I/O    ; Y               ; no       ; Off          ;
; 16       ; 25         ; 1        ; RESERVED_INPUT          ;        ;              ;           ; Row I/O    ;                 ; no       ; Off          ;
; 17       ;            ;          ; GNDINT                  ; gnd    ;              ;           ; --         ;                 ; --       ; --           ;
; 18       ; 26         ; 1        ; sys_clk                 ; input  ; 3.3-V LVTTL  ;           ; Row I/O    ; Y               ; no       ; Off          ;
; 19       ;            ;          ; VCCINT                  ; power  ;              ; 2.5V/3.3V ; --         ;                 ; --       ; --           ;
; 20       ; 27         ; 1        ; RESERVED_INPUT          ;        ;              ;           ; Row I/O    ;                 ; no       ; Off          ;
; 21       ; 28         ; 1        ; signal_low_voltage[44]  ; output ; 3.3-V LVTTL  ;           ; Row I/O    ; Y               ; no       ; Off          ;
; 22       ; 29         ; 1        ; signal_low_voltage[45]  ; output ; 3.3-V LVTTL  ;           ; Row I/O    ; Y               ; no       ; Off          ;
; 23       ; 30         ; 1        ; signal_low_voltage[46]  ; output ; 3.3-V LVTTL  ;           ; Row I/O    ; Y               ; no       ; Off          ;
; 24       ; 31         ; 1        ; signal_low_voltage[47]  ; output ; 3.3-V LVTTL  ;           ; Row I/O    ; Y               ; no       ; Off          ;
; 25       ;            ; 1        ; VCCIO1                  ; power  ;              ; 3.3V      ; --         ;                 ; --       ; --           ;
; 26       ;            ;          ; GNDIO                   ; gnd    ;              ;           ; --         ;                 ; --       ; --           ;
; 27       ; 33         ; 1        ; RESERVED_INPUT          ;        ;              ;           ; Row I/O    ;                 ; no       ; Off          ;
; 28       ; 36         ; 1        ; RESERVED_INPUT          ;        ;              ;           ; Row I/O    ;                 ; no       ; Off          ;
; 29       ; 37         ; 1        ; RESERVED_INPUT          ;        ;              ;           ; Row I/O    ;                 ; no       ; Off          ;
; 30       ; 41         ; 1        ; RESERVED_INPUT          ;        ;              ;           ; Row I/O    ;                 ; no       ; Off          ;
; 31       ; 44         ; 1        ; RESERVED_INPUT          ;        ;              ;           ; Row I/O    ;                 ; no       ; Off          ;
; 32       ; 47         ; 1        ; RESERVED_INPUT          ;        ;              ;           ; Row I/O    ;                 ; no       ; Off          ;
; 33       ; 50         ; 1        ; #TMS                    ; input  ;              ;           ; --         ;                 ; --       ; --           ;
; 34       ; 51         ; 1        ; #TDI                    ; input  ;              ;           ; --         ;                 ; --       ; --           ;
; 35       ; 52         ; 1        ; #TCK                    ; input  ;              ;           ; --         ;                 ; --       ; --           ;
; 36       ; 53         ; 1        ; #TDO                    ; output ;              ;           ; --         ;                 ; --       ; --           ;
; 37       ; 56         ; 4        ; rst_n                   ; input  ; 3.3-V LVTTL  ;           ; Column I/O ; Y               ; no       ; Off          ;
; 38       ; 57         ; 4        ; RESERVED_INPUT          ;        ;              ;           ; Column I/O ;                 ; no       ; Off          ;
; 39       ; 60         ; 4        ; line_sen                ; input  ; 3.3-V LVTTL  ;           ; Column I/O ; Y               ; no       ; Off          ;
; 40       ; 62         ; 4        ; line_sclk               ; input  ; 3.3-V LVTTL  ;           ; Column I/O ; Y               ; no       ; Off          ;
; 41       ; 63         ; 4        ; line_sdata              ; input  ; 3.3-V LVTTL  ;           ; Column I/O ; Y               ; no       ; Off          ;
; 42       ; 67         ; 4        ; RESERVED_INPUT          ;        ;              ;           ; Column I/O ;                 ; no       ; Off          ;
; 43       ; 68         ; 4        ; signal_high_voltage[0]  ; output ; 3.3-V LVTTL  ;           ; Column I/O ; Y               ; no       ; Off          ;
; 44       ; 69         ; 4        ; signal_high_voltage[1]  ; output ; 3.3-V LVTTL  ;           ; Column I/O ; Y               ; no       ; Off          ;
; 45       ; 74         ; 4        ; signal_high_voltage[2]  ; output ; 3.3-V LVTTL  ;           ; Column I/O ; Y               ; no       ; Off          ;
; 46       ;            ; 4        ; VCCIO4                  ; power  ;              ; 3.3V      ; --         ;                 ; --       ; --           ;
; 47       ;            ;          ; GNDIO                   ; gnd    ;              ;           ; --         ;                 ; --       ; --           ;
; 48       ; 75         ; 4        ; signal_high_voltage[3]  ; output ; 3.3-V LVTTL  ;           ; Column I/O ; Y               ; no       ; Off          ;
; 49       ; 76         ; 4        ; signal_low_voltage[0]   ; output ; 3.3-V LVTTL  ;           ; Column I/O ; Y               ; no       ; Off          ;
; 50       ; 77         ; 4        ; signal_low_voltage[1]   ; output ; 3.3-V LVTTL  ;           ; Column I/O ; Y               ; no       ; Off          ;
; 51       ; 78         ; 4        ; signal_low_voltage[2]   ; output ; 3.3-V LVTTL  ;           ; Column I/O ; Y               ; no       ; Off          ;
; 52       ; 79         ; 4        ; signal_low_voltage[3]   ; output ; 3.3-V LVTTL  ;           ; Column I/O ; Y               ; no       ; Off          ;
; 53       ; 80         ; 4        ; signal_high_voltage[4]  ; output ; 3.3-V LVTTL  ;           ; Column I/O ; Y               ; no       ; Off          ;
; 54       ;            ;          ; GNDINT                  ; gnd    ;              ;           ; --         ;                 ; --       ; --           ;
; 55       ; 81         ; 4        ; signal_high_voltage[5]  ; output ; 3.3-V LVTTL  ;           ; Column I/O ; Y               ; no       ; Off          ;
; 56       ;            ;          ; VCCINT                  ; power  ;              ; 2.5V/3.3V ; --         ;                 ; --       ; --           ;
; 57       ; 82         ; 4        ; signal_high_voltage[6]  ; output ; 3.3-V LVTTL  ;           ; Column I/O ; Y               ; no       ; Off          ;
; 58       ; 83         ; 4        ; signal_high_voltage[7]  ; output ; 3.3-V LVTTL  ;           ; Column I/O ; Y               ; no       ; Off          ;
; 59       ; 84         ; 4        ; signal_low_voltage[4]   ; output ; 3.3-V LVTTL  ;           ; Column I/O ; Y               ; no       ; Off          ;
; 60       ; 85         ; 4        ; signal_low_voltage[5]   ; output ; 3.3-V LVTTL  ;           ; Column I/O ; Y               ; no       ; Off          ;
; 61       ; 86         ; 4        ; signal_low_voltage[6]   ; output ; 3.3-V LVTTL  ;           ; Column I/O ; Y               ; no       ; Off          ;
; 62       ; 87         ; 4        ; signal_low_voltage[7]   ; output ; 3.3-V LVTTL  ;           ; Column I/O ; Y               ; no       ; Off          ;
; 63       ; 88         ; 4        ; signal_high_voltage[8]  ; output ; 3.3-V LVTTL  ;           ; Column I/O ; Y               ; no       ; Off          ;
; 64       ;            ; 4        ; VCCIO4                  ; power  ;              ; 3.3V      ; --         ;                 ; --       ; --           ;
; 65       ;            ;          ; GNDIO                   ; gnd    ;              ;           ; --         ;                 ; --       ; --           ;
; 66       ; 91         ; 4        ; signal_high_voltage[9]  ; output ; 3.3-V LVTTL  ;           ; Column I/O ; Y               ; no       ; Off          ;
; 67       ; 92         ; 4        ; signal_high_voltage[10] ; output ; 3.3-V LVTTL  ;           ; Column I/O ; Y               ; no       ; Off          ;
; 68       ; 95         ; 4        ; signal_high_voltage[11] ; output ; 3.3-V LVTTL  ;           ; Column I/O ; Y               ; no       ; Off          ;
; 69       ; 98         ; 4        ; signal_low_voltage[8]   ; output ; 3.3-V LVTTL  ;           ; Column I/O ; Y               ; no       ; Off          ;
; 70       ; 101        ; 4        ; signal_low_voltage[9]   ; output ; 3.3-V LVTTL  ;           ; Column I/O ; Y               ; no       ; Off          ;
; 71       ; 104        ; 4        ; signal_low_voltage[10]  ; output ; 3.3-V LVTTL  ;           ; Column I/O ; Y               ; no       ; Off          ;
; 72       ; 107        ; 4        ; signal_low_voltage[11]  ; output ; 3.3-V LVTTL  ;           ; Column I/O ; Y               ; no       ; Off          ;
; 73       ; 111        ; 3        ; signal_high_voltage[12] ; output ; 3.3-V LVTTL  ;           ; Row I/O    ; Y               ; no       ; Off          ;
; 74       ; 112        ; 3        ; signal_high_voltage[13] ; output ; 3.3-V LVTTL  ;           ; Row I/O    ; Y               ; no       ; Off          ;
; 75       ; 113        ; 3        ; signal_high_voltage[14] ; output ; 3.3-V LVTTL  ;           ; Row I/O    ; Y               ; no       ; Off          ;
; 76       ; 115        ; 3        ; signal_high_voltage[15] ; output ; 3.3-V LVTTL  ;           ; Row I/O    ; Y               ; no       ; Off          ;
; 77       ; 118        ; 3        ; signal_low_voltage[12]  ; output ; 3.3-V LVTTL  ;           ; Row I/O    ; Y               ; no       ; Off          ;
; 78       ; 122        ; 3        ; signal_low_voltage[13]  ; output ; 3.3-V LVTTL  ;           ; Row I/O    ; Y               ; no       ; Off          ;
; 79       ; 123        ; 3        ; signal_low_voltage[14]  ; output ; 3.3-V LVTTL  ;           ; Row I/O    ; Y               ; no       ; Off          ;
; 80       ; 124        ; 3        ; signal_low_voltage[15]  ; output ; 3.3-V LVTTL  ;           ; Row I/O    ; Y               ; no       ; Off          ;
; 81       ; 127        ; 3        ; signal_high_voltage[16] ; output ; 3.3-V LVTTL  ;           ; Row I/O    ; Y               ; no       ; Off          ;
; 82       ;            ; 3        ; VCCIO3                  ; power  ;              ; 3.3V      ; --         ;                 ; --       ; --           ;
; 83       ;            ;          ; GNDIO                   ; gnd    ;              ;           ; --         ;                 ; --       ; --           ;
; 84       ; 129        ; 3        ; signal_high_voltage[17] ; output ; 3.3-V LVTTL  ;           ; Row I/O    ; Y               ; no       ; Off          ;
; 85       ; 130        ; 3        ; signal_high_voltage[18] ; output ; 3.3-V LVTTL  ;           ; Row I/O    ; Y               ; no       ; Off          ;
; 86       ; 131        ; 3        ; signal_high_voltage[19] ; output ; 3.3-V LVTTL  ;           ; Row I/O    ; Y               ; no       ; Off          ;
; 87       ; 132        ; 3        ; signal_low_voltage[16]  ; output ; 3.3-V LVTTL  ;           ; Row I/O    ; Y               ; no       ; Off          ;
; 88       ; 133        ; 3        ; signal_low_voltage[17]  ; output ; 3.3-V LVTTL  ;           ; Row I/O    ; Y               ; no       ; Off          ;
; 89       ; 134        ; 3        ; signal_low_voltage[18]  ; output ; 3.3-V LVTTL  ;           ; Row I/O    ; Y               ; no       ; Off          ;
; 90       ;            ;          ; VCCINT                  ; power  ;              ; 2.5V/3.3V ; --         ;                 ; --       ; --           ;
; 91       ; 135        ; 3        ; signal_low_voltage[19]  ; output ; 3.3-V LVTTL  ;           ; Row I/O    ; Y               ; no       ; Off          ;
; 92       ;            ;          ; GNDINT                  ; gnd    ;              ;           ; --         ;                 ; --       ; --           ;
; 93       ; 136        ; 3        ; signal_high_voltage[20] ; output ; 3.3-V LVTTL  ;           ; Row I/O    ; Y               ; no       ; Off          ;
; 94       ; 137        ; 3        ; signal_high_voltage[21] ; output ; 3.3-V LVTTL  ;           ; Row I/O    ; Y               ; no       ; Off          ;
; 95       ; 138        ; 3        ; signal_high_voltage[22] ; output ; 3.3-V LVTTL  ;           ; Row I/O    ; Y               ; no       ; Off          ;
; 96       ; 139        ; 3        ; signal_high_voltage[23] ; output ; 3.3-V LVTTL  ;           ; Row I/O    ; Y               ; no       ; Off          ;
; 97       ; 140        ; 3        ; signal_low_voltage[20]  ; output ; 3.3-V LVTTL  ;           ; Row I/O    ; Y               ; no       ; Off          ;
; 98       ; 141        ; 3        ; signal_low_voltage[21]  ; output ; 3.3-V LVTTL  ;           ; Row I/O    ; Y               ; no       ; Off          ;
; 99       ;            ;          ; GNDIO                   ; gnd    ;              ;           ; --         ;                 ; --       ; --           ;
; 100      ;            ; 3        ; VCCIO3                  ; power  ;              ; 3.3V      ; --         ;                 ; --       ; --           ;
; 101      ; 142        ; 3        ; signal_low_voltage[22]  ; output ; 3.3-V LVTTL  ;           ; Row I/O    ; Y               ; no       ; Off          ;
; 102      ; 146        ; 3        ; signal_low_voltage[23]  ; output ; 3.3-V LVTTL  ;           ; Row I/O    ; Y               ; no       ; Off          ;
; 103      ; 147        ; 3        ; signal_high_voltage[24] ; output ; 3.3-V LVTTL  ;           ; Row I/O    ; Y               ; no       ; Off          ;
; 104      ; 151        ; 3        ; signal_high_voltage[25] ; output ; 3.3-V LVTTL  ;           ; Row I/O    ; Y               ; no       ; Off          ;
; 105      ; 152        ; 3        ; signal_high_voltage[26] ; output ; 3.3-V LVTTL  ;           ; Row I/O    ; Y               ; no       ; Off          ;
; 106      ; 154        ; 3        ; signal_high_voltage[27] ; output ; 3.3-V LVTTL  ;           ; Row I/O    ; Y               ; no       ; Off          ;
; 107      ; 156        ; 3        ; RESERVED_INPUT          ;        ;              ;           ; Row I/O    ;                 ; no       ; Off          ;
; 108      ; 158        ; 3        ; RESERVED_INPUT          ;        ;              ;           ; Row I/O    ;                 ; no       ; Off          ;
; 109      ; 164        ; 2        ; signal_low_voltage[24]  ; output ; 3.3-V LVTTL  ;           ; Column I/O ; Y               ; no       ; Off          ;
; 110      ; 165        ; 2        ; signal_low_voltage[25]  ; output ; 3.3-V LVTTL  ;           ; Column I/O ; Y               ; no       ; Off          ;
; 111      ; 166        ; 2        ; signal_low_voltage[26]  ; output ; 3.3-V LVTTL  ;           ; Column I/O ; Y               ; no       ; Off          ;
; 112      ; 171        ; 2        ; signal_low_voltage[27]  ; output ; 3.3-V LVTTL  ;           ; Column I/O ; Y               ; no       ; Off          ;
; 113      ; 174        ; 2        ; signal_high_voltage[28] ; output ; 3.3-V LVTTL  ;           ; Column I/O ; Y               ; no       ; Off          ;
; 114      ; 177        ; 2        ; signal_high_voltage[29] ; output ; 3.3-V LVTTL  ;           ; Column I/O ; Y               ; no       ; Off          ;
; 115      ;            ;          ; GNDIO                   ; gnd    ;              ;           ; --         ;                 ; --       ; --           ;
; 116      ;            ; 2        ; VCCIO2                  ; power  ;              ; 3.3V      ; --         ;                 ; --       ; --           ;
; 117      ; 180        ; 2        ; signal_high_voltage[30] ; output ; 3.3-V LVTTL  ;           ; Column I/O ; Y               ; no       ; Off          ;
; 118      ; 181        ; 2        ; signal_high_voltage[31] ; output ; 3.3-V LVTTL  ;           ; Column I/O ; Y               ; no       ; Off          ;
; 119      ; 182        ; 2        ; signal_low_voltage[28]  ; output ; 3.3-V LVTTL  ;           ; Column I/O ; Y               ; no       ; Off          ;
; 120      ; 183        ; 2        ; signal_low_voltage[29]  ; output ; 3.3-V LVTTL  ;           ; Column I/O ; Y               ; no       ; Off          ;
; 121      ; 184        ; 2        ; signal_low_voltage[30]  ; output ; 3.3-V LVTTL  ;           ; Column I/O ; Y               ; no       ; Off          ;
; 122      ; 185        ; 2        ; signal_low_voltage[31]  ; output ; 3.3-V LVTTL  ;           ; Column I/O ; Y               ; no       ; Off          ;
; 123      ; 186        ; 2        ; signal_high_voltage[32] ; output ; 3.3-V LVTTL  ;           ; Column I/O ; Y               ; no       ; Off          ;
; 124      ; 187        ; 2        ; signal_high_voltage[33] ; output ; 3.3-V LVTTL  ;           ; Column I/O ; Y               ; no       ; Off          ;
; 125      ; 188        ; 2        ; signal_high_voltage[34] ; output ; 3.3-V LVTTL  ;           ; Column I/O ; Y               ; no       ; Off          ;
; 126      ;            ;          ; VCCINT                  ; power  ;              ; 2.5V/3.3V ; --         ;                 ; --       ; --           ;
; 127      ; 189        ; 2        ; signal_high_voltage[35] ; output ; 3.3-V LVTTL  ;           ; Column I/O ; Y               ; no       ; Off          ;
; 128      ;            ;          ; GNDINT                  ; gnd    ;              ;           ; --         ;                 ; --       ; --           ;
; 129      ; 190        ; 2        ; signal_low_voltage[32]  ; output ; 3.3-V LVTTL  ;           ; Column I/O ; Y               ; no       ; Off          ;
; 130      ; 191        ; 2        ; signal_low_voltage[33]  ; output ; 3.3-V LVTTL  ;           ; Column I/O ; Y               ; no       ; Off          ;
; 131      ; 192        ; 2        ; signal_low_voltage[34]  ; output ; 3.3-V LVTTL  ;           ; Column I/O ; Y               ; no       ; Off          ;
; 132      ; 193        ; 2        ; signal_low_voltage[35]  ; output ; 3.3-V LVTTL  ;           ; Column I/O ; Y               ; no       ; Off          ;
; 133      ; 194        ; 2        ; signal_high_voltage[36] ; output ; 3.3-V LVTTL  ;           ; Column I/O ; Y               ; no       ; Off          ;
; 134      ; 195        ; 2        ; signal_high_voltage[37] ; output ; 3.3-V LVTTL  ;           ; Column I/O ; Y               ; no       ; Off          ;
; 135      ;            ;          ; GNDIO                   ; gnd    ;              ;           ; --         ;                 ; --       ; --           ;
; 136      ;            ; 2        ; VCCIO2                  ; power  ;              ; 3.3V      ; --         ;                 ; --       ; --           ;
; 137      ; 199        ; 2        ; signal_high_voltage[38] ; output ; 3.3-V LVTTL  ;           ; Column I/O ; Y               ; no       ; Off          ;
; 138      ; 200        ; 2        ; signal_high_voltage[39] ; output ; 3.3-V LVTTL  ;           ; Column I/O ; Y               ; no       ; Off          ;
; 139      ; 201        ; 2        ; signal_low_voltage[36]  ; output ; 3.3-V LVTTL  ;           ; Column I/O ; Y               ; no       ; Off          ;
; 140      ; 204        ; 2        ; signal_low_voltage[37]  ; output ; 3.3-V LVTTL  ;           ; Column I/O ; Y               ; no       ; Off          ;
; 141      ; 205        ; 2        ; signal_low_voltage[38]  ; output ; 3.3-V LVTTL  ;           ; Column I/O ; Y               ; no       ; Off          ;
; 142      ; 208        ; 2        ; signal_low_voltage[39]  ; output ; 3.3-V LVTTL  ;           ; Column I/O ; Y               ; no       ; Off          ;
; 143      ; 212        ; 2        ; RESERVED_INPUT          ;        ;              ;           ; Column I/O ;                 ; no       ; Off          ;
; 144      ; 215        ; 2        ; RESERVED_INPUT          ;        ;              ;           ; Column I/O ;                 ; no       ; Off          ;
+----------+------------+----------+-------------------------+--------+--------------+-----------+------------+-----------------+----------+--------------+
Note: Pin directions (input, output or bidir) are based on device operating in user mode.


+-------------------------------------------------------------+
; Output Pin Default Load For Reported TCO                    ;
+----------------------------+-------+------------------------+
; I/O Standard               ; Load  ; Termination Resistance ;
+----------------------------+-------+------------------------+
; 3.3-V LVTTL                ; 10 pF ; Not Available          ;
; 3.3-V LVCMOS               ; 10 pF ; Not Available          ;
; 2.5 V                      ; 10 pF ; Not Available          ;
; 1.8 V                      ; 10 pF ; Not Available          ;
; 1.5 V                      ; 10 pF ; Not Available          ;
; 3.3V Schmitt Trigger Input ; 10 pF ; Not Available          ;
; 2.5V Schmitt Trigger Input ; 10 pF ; Not Available          ;
; 3.3-V PCI                  ; 10 pF ; 25 Ohm (Parallel)      ;
+----------------------------+-------+------------------------+
Note: User assignments will override these defaults. The user specified values are listed in the Output Pins and Bidir Pins tables.


+------------------------------------------------------------------------------------------------------------------------------------------------------------------------------------------------------------------------------------+
; Fitter Resource Utilization by Entity                                                                                                                                                                                              ;
+----------------------------+-------------+--------------+------------+------+--------------+--------------+-------------------+------------------+-----------------+------------+---------------------+-------------+--------------+
; Compilation Hierarchy Node ; Logic Cells ; LC Registers ; UFM Blocks ; Pins ; Virtual Pins ; LUT-Only LCs ; Register-Only LCs ; LUT/Register LCs ; Carry Chain LCs ; Packed LCs ; Full Hierarchy Name ; Entity Name ; Library Name ;
+----------------------------+-------------+--------------+------------+------+--------------+--------------+-------------------+------------------+-----------------+------------+---------------------+-------------+--------------+
; |PF1                       ; 460 (460)   ; 313          ; 0          ; 101  ; 0            ; 147 (147)    ; 10 (10)           ; 303 (303)        ; 96 (96)         ; 7 (7)      ; |PF1                ; PF1         ; work         ;
+----------------------------+-------------+--------------+------------+------+--------------+--------------+-------------------+------------------+-----------------+------------+---------------------+-------------+--------------+
Note: For table entries with two numbers listed, the numbers in parentheses indicate the number of resources of the given type used by the specific entity alone. The numbers listed outside of parentheses indicate the total resources of the given type used by the specific entity and all of its sub-entities in the hierarchy.


+----------------------------------------------------+
; Delay Chain Summary                                ;
+-------------------------+----------+---------------+
; Name                    ; Pin Type ; Pad to Core 0 ;
+-------------------------+----------+---------------+
; signal_high_voltage[0]  ; Output   ; --            ;
; signal_high_voltage[1]  ; Output   ; --            ;
; signal_high_voltage[2]  ; Output   ; --            ;
; signal_high_voltage[3]  ; Output   ; --            ;
; signal_high_voltage[4]  ; Output   ; --            ;
; signal_high_voltage[5]  ; Output   ; --            ;
; signal_high_voltage[6]  ; Output   ; --            ;
; signal_high_voltage[7]  ; Output   ; --            ;
; signal_high_voltage[8]  ; Output   ; --            ;
; signal_high_voltage[9]  ; Output   ; --            ;
; signal_high_voltage[10] ; Output   ; --            ;
; signal_high_voltage[11] ; Output   ; --            ;
; signal_high_voltage[12] ; Output   ; --            ;
; signal_high_voltage[13] ; Output   ; --            ;
; signal_high_voltage[14] ; Output   ; --            ;
; signal_high_voltage[15] ; Output   ; --            ;
; signal_high_voltage[16] ; Output   ; --            ;
; signal_high_voltage[17] ; Output   ; --            ;
; signal_high_voltage[18] ; Output   ; --            ;
; signal_high_voltage[19] ; Output   ; --            ;
; signal_high_voltage[20] ; Output   ; --            ;
; signal_high_voltage[21] ; Output   ; --            ;
; signal_high_voltage[22] ; Output   ; --            ;
; signal_high_voltage[23] ; Output   ; --            ;
; signal_high_voltage[24] ; Output   ; --            ;
; signal_high_voltage[25] ; Output   ; --            ;
; signal_high_voltage[26] ; Output   ; --            ;
; signal_high_voltage[27] ; Output   ; --            ;
; signal_high_voltage[28] ; Output   ; --            ;
; signal_high_voltage[29] ; Output   ; --            ;
; signal_high_voltage[30] ; Output   ; --            ;
; signal_high_voltage[31] ; Output   ; --            ;
; signal_high_voltage[32] ; Output   ; --            ;
; signal_high_voltage[33] ; Output   ; --            ;
; signal_high_voltage[34] ; Output   ; --            ;
; signal_high_voltage[35] ; Output   ; --            ;
; signal_high_voltage[36] ; Output   ; --            ;
; signal_high_voltage[37] ; Output   ; --            ;
; signal_high_voltage[38] ; Output   ; --            ;
; signal_high_voltage[39] ; Output   ; --            ;
; signal_high_voltage[40] ; Output   ; --            ;
; signal_high_voltage[41] ; Output   ; --            ;
; signal_high_voltage[42] ; Output   ; --            ;
; signal_high_voltage[43] ; Output   ; --            ;
; signal_high_voltage[44] ; Output   ; --            ;
; signal_high_voltage[45] ; Output   ; --            ;
; signal_high_voltage[46] ; Output   ; --            ;
; signal_high_voltage[47] ; Output   ; --            ;
; signal_low_voltage[0]   ; Output   ; --            ;
; signal_low_voltage[1]   ; Output   ; --            ;
; signal_low_voltage[2]   ; Output   ; --            ;
; signal_low_voltage[3]   ; Output   ; --            ;
; signal_low_voltage[4]   ; Output   ; --            ;
; signal_low_voltage[5]   ; Output   ; --            ;
; signal_low_voltage[6]   ; Output   ; --            ;
; signal_low_voltage[7]   ; Output   ; --            ;
; signal_low_voltage[8]   ; Output   ; --            ;
; signal_low_voltage[9]   ; Output   ; --            ;
; signal_low_voltage[10]  ; Output   ; --            ;
; signal_low_voltage[11]  ; Output   ; --            ;
; signal_low_voltage[12]  ; Output   ; --            ;
; signal_low_voltage[13]  ; Output   ; --            ;
; signal_low_voltage[14]  ; Output   ; --            ;
; signal_low_voltage[15]  ; Output   ; --            ;
; signal_low_voltage[16]  ; Output   ; --            ;
; signal_low_voltage[17]  ; Output   ; --            ;
; signal_low_voltage[18]  ; Output   ; --            ;
; signal_low_voltage[19]  ; Output   ; --            ;
; signal_low_voltage[20]  ; Output   ; --            ;
; signal_low_voltage[21]  ; Output   ; --            ;
; signal_low_voltage[22]  ; Output   ; --            ;
; signal_low_voltage[23]  ; Output   ; --            ;
; signal_low_voltage[24]  ; Output   ; --            ;
; signal_low_voltage[25]  ; Output   ; --            ;
; signal_low_voltage[26]  ; Output   ; --            ;
; signal_low_voltage[27]  ; Output   ; --            ;
; signal_low_voltage[28]  ; Output   ; --            ;
; signal_low_voltage[29]  ; Output   ; --            ;
; signal_low_voltage[30]  ; Output   ; --            ;
; signal_low_voltage[31]  ; Output   ; --            ;
; signal_low_voltage[32]  ; Output   ; --            ;
; signal_low_voltage[33]  ; Output   ; --            ;
; signal_low_voltage[34]  ; Output   ; --            ;
; signal_low_voltage[35]  ; Output   ; --            ;
; signal_low_voltage[36]  ; Output   ; --            ;
; signal_low_voltage[37]  ; Output   ; --            ;
; signal_low_voltage[38]  ; Output   ; --            ;
; signal_low_voltage[39]  ; Output   ; --            ;
; signal_low_voltage[40]  ; Output   ; --            ;
; signal_low_voltage[41]  ; Output   ; --            ;
; signal_low_voltage[42]  ; Output   ; --            ;
; signal_low_voltage[43]  ; Output   ; --            ;
; signal_low_voltage[44]  ; Output   ; --            ;
; signal_low_voltage[45]  ; Output   ; --            ;
; signal_low_voltage[46]  ; Output   ; --            ;
; signal_low_voltage[47]  ; Output   ; --            ;
; sys_clk                 ; Input    ; (0)           ;
; rst_n                   ; Input    ; (1)           ;
; line_sen                ; Input    ; (1)           ;
; line_sclk               ; Input    ; (1)           ;
; line_sdata              ; Input    ; (1)           ;
+-------------------------+----------+---------------+


+--------------------------------------------------------------------------------------------------------------------------------------------+
; Control Signals                                                                                                                            ;
+-----------------------------------+--------------+---------+----------------------------+--------+----------------------+------------------+
; Name                              ; Location     ; Fan-Out ; Usage                      ; Global ; Global Resource Used ; Global Line Name ;
+-----------------------------------+--------------+---------+----------------------------+--------+----------------------+------------------+
; Equal0~1                          ; LC_X2_Y7_N1  ; 34      ; Sync. clear                ; no     ; --                   ; --               ;
; cache2_line_sdata[45]~50          ; LC_X9_Y8_N7  ; 48      ; Clock enable               ; no     ; --                   ; --               ;
; cnt_for_high_voltage_time[18]~129 ; LC_X11_Y5_N0 ; 32      ; Clock enable               ; no     ; --                   ; --               ;
; cnt_for_high_voltage_time~128     ; LC_X7_Y8_N5  ; 51      ; Sync. clear                ; no     ; --                   ; --               ;
; fault_counter[26]~69              ; LC_X2_Y7_N5  ; 32      ; Clock enable               ; no     ; --                   ; --               ;
; i[26]~68                          ; LC_X7_Y7_N9  ; 32      ; Sync. clear                ; no     ; --                   ; --               ;
; i[26]~69                          ; LC_X7_Y7_N7  ; 32      ; Clock enable               ; no     ; --                   ; --               ;
; rst_n                             ; PIN_37       ; 313     ; Async. clear, Clock enable ; yes    ; Global Clock         ; GCLK3            ;
; sys_clk                           ; PIN_18       ; 313     ; Clock                      ; yes    ; Global Clock         ; GCLK0            ;
+-----------------------------------+--------------+---------+----------------------------+--------+----------------------+------------------+


+------------------------------------------------------------------------+
; Global & Other Fast Signals                                            ;
+---------+----------+---------+----------------------+------------------+
; Name    ; Location ; Fan-Out ; Global Resource Used ; Global Line Name ;
+---------+----------+---------+----------------------+------------------+
; rst_n   ; PIN_37   ; 313     ; Global Clock         ; GCLK3            ;
; sys_clk ; PIN_18   ; 313     ; Global Clock         ; GCLK0            ;
+---------+----------+---------+----------------------+------------------+


+----------------------------------------------+
; Routing Usage Summary                        ;
+-----------------------+----------------------+
; Routing Resource Type ; Usage                ;
+-----------------------+----------------------+
; C4s                   ; 299 / 2,870 ( 10 % ) ;
; Direct links          ; 81 / 3,938 ( 2 % )   ;
; Global clocks         ; 2 / 4 ( 50 % )       ;
; LAB clocks            ; 30 / 72 ( 42 % )     ;
; LUT chains            ; 48 / 1,143 ( 4 % )   ;
; Local interconnects   ; 659 / 3,938 ( 17 % ) ;
; R4s                   ; 415 / 2,832 ( 15 % ) ;
+-----------------------+----------------------+


+---------------------------------------------------------------------------+
; LAB Logic Elements                                                        ;
+--------------------------------------------+------------------------------+
; Number of Logic Elements  (Average = 8.21) ; Number of LABs  (Total = 56) ;
+--------------------------------------------+------------------------------+
; 1                                          ; 1                            ;
; 2                                          ; 3                            ;
; 3                                          ; 1                            ;
; 4                                          ; 1                            ;
; 5                                          ; 4                            ;
; 6                                          ; 4                            ;
; 7                                          ; 1                            ;
; 8                                          ; 6                            ;
; 9                                          ; 3                            ;
; 10                                         ; 32                           ;
+--------------------------------------------+------------------------------+


+-------------------------------------------------------------------+
; LAB-wide Signals                                                  ;
+------------------------------------+------------------------------+
; LAB-wide Signals  (Average = 2.50) ; Number of LABs  (Total = 56) ;
+------------------------------------+------------------------------+
; 1 Async. clear                     ; 54                           ;
; 1 Clock                            ; 54                           ;
; 1 Clock enable                     ; 23                           ;
; 1 Sync. clear                      ; 9                            ;
+------------------------------------+------------------------------+


+----------------------------------------------------------------------------+
; LAB Signals Sourced                                                        ;
+---------------------------------------------+------------------------------+
; Number of Signals Sourced  (Average = 8.34) ; Number of LABs  (Total = 56) ;
+---------------------------------------------+------------------------------+
; 0                                           ; 0                            ;
; 1                                           ; 1                            ;
; 2                                           ; 2                            ;
; 3                                           ; 2                            ;
; 4                                           ; 1                            ;
; 5                                           ; 4                            ;
; 6                                           ; 4                            ;
; 7                                           ; 1                            ;
; 8                                           ; 6                            ;
; 9                                           ; 3                            ;
; 10                                          ; 29                           ;
; 11                                          ; 2                            ;
; 12                                          ; 0                            ;
; 13                                          ; 0                            ;
; 14                                          ; 1                            ;
+---------------------------------------------+------------------------------+


+--------------------------------------------------------------------------------+
; LAB Signals Sourced Out                                                        ;
+-------------------------------------------------+------------------------------+
; Number of Signals Sourced Out  (Average = 6.16) ; Number of LABs  (Total = 56) ;
+-------------------------------------------------+------------------------------+
; 0                                               ; 0                            ;
; 1                                               ; 5                            ;
; 2                                               ; 3                            ;
; 3                                               ; 2                            ;
; 4                                               ; 3                            ;
; 5                                               ; 9                            ;
; 6                                               ; 11                           ;
; 7                                               ; 2                            ;
; 8                                               ; 7                            ;
; 9                                               ; 5                            ;
; 10                                              ; 9                            ;
+-------------------------------------------------+------------------------------+


+-----------------------------------------------------------------------------+
; LAB Distinct Inputs                                                         ;
+----------------------------------------------+------------------------------+
; Number of Distinct Inputs  (Average = 11.29) ; Number of LABs  (Total = 56) ;
+----------------------------------------------+------------------------------+
; 0                                            ; 0                            ;
; 1                                            ; 0                            ;
; 2                                            ; 0                            ;
; 3                                            ; 2                            ;
; 4                                            ; 1                            ;
; 5                                            ; 5                            ;
; 6                                            ; 3                            ;
; 7                                            ; 2                            ;
; 8                                            ; 3                            ;
; 9                                            ; 5                            ;
; 10                                           ; 5                            ;
; 11                                           ; 7                            ;
; 12                                           ; 3                            ;
; 13                                           ; 4                            ;
; 14                                           ; 6                            ;
; 15                                           ; 1                            ;
; 16                                           ; 2                            ;
; 17                                           ; 1                            ;
; 18                                           ; 2                            ;
; 19                                           ; 0                            ;
; 20                                           ; 0                            ;
; 21                                           ; 0                            ;
; 22                                           ; 0                            ;
; 23                                           ; 2                            ;
; 24                                           ; 1                            ;
; 25                                           ; 0                            ;
; 26                                           ; 0                            ;
; 27                                           ; 1                            ;
+----------------------------------------------+------------------------------+


+--------------------------------------------------------------------+
; Fitter Device Options                                              ;
+----------------------------------------------+---------------------+
; Option                                       ; Setting             ;
+----------------------------------------------+---------------------+
; Enable user-supplied start-up clock (CLKUSR) ; Off                 ;
; Enable device-wide reset (DEV_CLRn)          ; Off                 ;
; Enable device-wide output enable (DEV_OE)    ; Off                 ;
; Enable INIT_DONE output                      ; Off                 ;
; Configuration scheme                         ; Passive Serial      ;
; Reserve all unused pins                      ; As input tri-stated ;
+----------------------------------------------+---------------------+


+-----------------+
; Fitter Messages ;
+-----------------+
Warning (18236): Number of processors has not been specified which may cause overloading on shared machines.  Set the global assignment NUM_PARALLEL_PROCESSORS in your QSF to an appropriate value for best performance.
Info (20030): Parallel compilation is enabled and will use 12 of the 12 processors detected
Info (119006): Selected device EPM1270T144C5 for design "PF1"
Info (21077): Low junction temperature is 0 degrees C
Info (21077): High junction temperature is 85 degrees C
Info (171003): Fitter is performing an Auto Fit compilation, which may decrease Fitter effort to reduce compilation time
Warning (292013): Feature LogicLock is only available with a valid subscription license. You can purchase a software subscription to gain full access to this feature.
Info (176444): Device migration not selected. If you intend to use device migration later, you may need to change the pin assignments as they may be incompatible with other devices
    Info (176445): Device EPM570T144C5 is compatible
    Info (176445): Device EPM570T144I5 is compatible
    Info (176445): Device EPM570T144A5 is compatible
    Info (176445): Device EPM1270T144I5 is compatible
    Info (176445): Device EPM1270T144A5 is compatible
Critical Warning (332012): Synopsys Design Constraints File file not found: 'PF1.sdc'. A Synopsys Design Constraints File is required by the Timing Analyzer to get proper timing constraints. Without it, the Compiler will not properly optimize the design.
Info (332144): No user constrained base clocks found in the design
Info (332128): Timing requirements not specified -- optimizing circuit to achieve the following default global requirements
    Info (332127): Assuming a default timing requirement
Info (332111): Found 1 clocks
    Info (332111):   Period   Clock Name
    Info (332111): ======== ============
    Info (332111):    1.000      sys_clk
Info (186079): Completed User Assigned Global Signals Promotion Operation
Info (186215): Automatically promoted signal "sys_clk" to use Global clock in PIN 18 File: C:/Users/miaow/Desktop/valve_board_kun/PF1.v Line: 7
Info (186216): Automatically promoted some destinations of signal "rst_n" to use Global clock File: C:/Users/miaow/Desktop/valve_board_kun/PF1.v Line: 8
    Info (186217): Destination "negedge_line_sen" may be non-global or may not use global clock File: C:/Users/miaow/Desktop/valve_board_kun/PF1.v Line: 104
    Info (186217): Destination "fiter_line_sdata" may be non-global or may not use global clock File: C:/Users/miaow/Desktop/valve_board_kun/PF1.v Line: 85
Info (186228): Pin "rst_n" drives global clock, but is not placed in a dedicated clock pin position File: C:/Users/miaow/Desktop/valve_board_kun/PF1.v Line: 8
Info (186079): Completed Auto Global Promotion Operation
Info (176234): Starting register packing
Info (186468): Started processing fast register assignments
Info (186469): Finished processing fast register assignments
Info (176235): Finished register packing
Info (171121): Fitter preparation operations ending: elapsed time is 00:00:00
Info (14896): Fitter has disabled Advanced Physical Optimization because it is not supported for the current family.
Info (170189): Fitter placement preparation operations beginning
Info (170190): Fitter placement preparation operations ending: elapsed time is 00:00:00
Info (170191): Fitter placement operations beginning
Info (170137): Fitter placement was successful
Info (170192): Fitter placement operations ending: elapsed time is 00:00:01
Info (170193): Fitter routing operations beginning
Info (170195): Router estimated average interconnect usage is 12% of the available device resources
    Info (170196): Router estimated peak interconnect usage is 13% of the available device resources in the region that extends from location X0_Y0 to location X8_Y11
Info (170199): The Fitter performed an Auto Fit compilation.  Optimizations were skipped to reduce compilation time.
    Info (170201): Optimizations that may affect the design's routability were skipped
Info (170194): Fitter routing operations ending: elapsed time is 00:00:00
Info (11888): Total time spent on timing analysis during the Fitter is 0.38 seconds.
Info (11218): Fitter post-fit operations ending: elapsed time is 00:00:00
Info (144001): Generated suppressed messages file C:/Users/miaow/Desktop/valve_board_kun/PF1.fit.smsg
Info: Quartus Prime Fitter was successful. 0 errors, 3 warnings
    Info: Peak virtual memory: 5906 megabytes
    Info: Processing ended: Thu Nov 11 17:04:06 2021
    Info: Elapsed time: 00:00:04
    Info: Total CPU time (on all processors): 00:00:06


+----------------------------+
; Fitter Suppressed Messages ;
+----------------------------+
The suppressed messages can be found in C:/Users/miaow/Desktop/valve_board_kun/PF1.fit.smsg.


